<?xml version="1.0" encoding="UTF-8"?>
<testsuite name="SecondDayTest" tests="1" skipped="0" failures="0" errors="0" timestamp="2018-09-20T10:49:01" hostname="Andriis-MacBook-Pro.local" time="0.001">
  <properties/>
  <testcase name="testSolution" classname="SecondDayTest" time="0.001"/>
  <system-out><![CDATA[]]></system-out>
  <system-err><![CDATA[]]></system-err>
</testsuite>
